2021-12-19 17:35:53,835 - INFO - [MainThread] UM.Logger.info [128]: Loaded plugin FileLogger
2021-12-19 17:35:53,843 - INFO - [MainThread] UM.Logger.info [128]: Loaded plugin FirmwareUpdateChecker
2021-12-19 17:35:53,852 - INFO - [MainThread] UM.Logger.info [128]: Loaded plugin FirmwareUpdater
2021-12-19 17:35:53,855 - INFO - [MainThread] UM.Logger.info [128]: Loaded plugin GCodeGzReader
2021-12-19 17:35:53,860 - INFO - [MainThread] UM.Logger.info [128]: Loaded plugin GCodeGzWriter
2021-12-19 17:35:53,865 - INFO - [MainThread] UM.Logger.info [128]: Loaded plugin GCodeProfileReader
2021-12-19 17:35:53,908 - INFO - [MainThread] UM.Logger.info [128]: Loaded plugin GCodeReader
2021-12-19 17:35:53,913 - INFO - [MainThread] UM.Logger.info [128]: Loaded plugin GCodeWriter
2021-12-19 17:35:53,919 - INFO - [MainThread] UM.Logger.info [128]: Loaded plugin ImageReader
2021-12-19 17:35:53,923 - INFO - [MainThread] UM.Logger.info [128]: Loaded plugin LegacyProfileReader
2021-12-19 17:35:53,927 - INFO - [MainThread] UM.Logger.info [128]: Loaded plugin LocalContainerProvider
2021-12-19 17:35:53,934 - INFO - [MainThread] UM.Logger.info [128]: Loaded plugin LocalFileOutputDevice
2021-12-19 17:35:53,938 - INFO - [MainThread] UM.Logger.info [128]: Loaded plugin MachineSettingsAction
2021-12-19 17:35:53,942 - INFO - [MainThread] UM.Logger.info [128]: Loaded plugin ModelChecker
2021-12-19 17:35:53,948 - INFO - [MainThread] UM.Logger.info [128]: Loaded plugin MonitorStage
2021-12-19 17:35:53,967 - INFO - [MainThread] UM.Logger.info [128]: Loaded plugin PerObjectSettingsTool
2021-12-19 17:35:53,973 - INFO - [MainThread] UM.Logger.info [128]: Loaded plugin PostProcessingPlugin
2021-12-19 17:35:53,976 - INFO - [MainThread] UM.Logger.info [128]: Loaded plugin PrepareStage
2021-12-19 17:35:53,981 - INFO - [MainThread] UM.Logger.info [128]: Loaded plugin PreviewStage
2021-12-19 17:35:53,986 - INFO - [MainThread] UM.Logger.info [128]: Loaded plugin RemovableDriveOutputDevice
2021-12-19 17:35:53,990 - INFO - [MainThread] UM.Logger.info [128]: Loaded plugin SentryLogger
2021-12-19 17:35:54,008 - INFO - [MainThread] UM.Logger.info [128]: Loaded plugin SimulationView
2021-12-19 17:35:54,013 - INFO - [MainThread] UM.Logger.info [128]: Loaded plugin SliceInfoPlugin
2021-12-19 17:35:54,020 - INFO - [MainThread] UM.Logger.info [128]: Loaded plugin SolidView
2021-12-19 17:35:54,026 - INFO - [MainThread] UM.Logger.info [128]: Loaded plugin SupportEraser
2021-12-19 17:35:54,046 - WARNING - [MainThread] UM.Logger.logException [112]: Exception: Failed to load packages for Marketplace
2021-12-19 17:35:54,047 - WARNING - [MainThread] UM.Logger.logException [116]: NoneType: None
2021-12-19 17:35:54,048 - WARNING - [MainThread] UM.Logger.logException [112]: Exception: Failed to load packages for Marketplace
2021-12-19 17:35:54,050 - WARNING - [MainThread] UM.Logger.logException [116]: NoneType: None
2021-12-19 17:35:54,051 - WARNING - [MainThread] UM.Logger.logException [112]: Exception: Failed to load packages for Marketplace
2021-12-19 17:35:54,052 - WARNING - [MainThread] UM.Logger.logException [116]: NoneType: None
2021-12-19 17:35:54,053 - WARNING - [MainThread] UM.Logger.logException [112]: Exception: Failed to load packages for Marketplace
2021-12-19 17:35:54,054 - WARNING - [MainThread] UM.Logger.logException [116]: NoneType: None
2021-12-19 17:35:54,057 - INFO - [MainThread] UM.Logger.info [128]: Loaded plugin Toolbox
2021-12-19 17:35:54,062 - INFO - [MainThread] UM.Logger.info [128]: Loaded plugin CameraTool
2021-12-19 17:35:54,069 - INFO - [MainThread] UM.Logger.info [128]: Loaded plugin MirrorTool
2021-12-19 17:35:54,076 - INFO - [MainThread] UM.Logger.info [128]: Loaded plugin RotateTool
2021-12-19 17:35:54,083 - INFO - [MainThread] UM.Logger.info [128]: Loaded plugin ScaleTool
2021-12-19 17:35:54,088 - INFO - [MainThread] UM.Logger.info [128]: Loaded plugin SelectionTool
2021-12-19 17:35:54,096 - INFO - [MainThread] UM.Logger.info [128]: Loaded plugin TranslateTool
2021-12-19 17:35:54,099 - INFO - [MainThread] UM.Logger.info [128]: Loaded plugin TrimeshReader
2021-12-19 17:35:54,108 - INFO - [MainThread] UM.Logger.info [128]: Loaded plugin UFPReader
2021-12-19 17:35:54,113 - INFO - [MainThread] UM.Logger.info [128]: Loaded plugin UFPWriter
2021-12-19 17:35:54,191 - INFO - [MainThread] UM.Logger.info [128]: Loaded plugin UM3NetworkPrinting
2021-12-19 17:35:54,220 - INFO - [MainThread] UM.Logger.info [128]: Loaded plugin USBPrinting
2021-12-19 17:35:54,225 - INFO - [MainThread] UM.Logger.info [128]: Loaded plugin UltimakerMachineActions
2021-12-19 17:35:54,232 - INFO - [MainThread] UM.Logger.info [128]: Loaded plugin UpdateChecker
2021-12-19 17:35:54,232 - INFO - [JobQueueWorker [0]] UpdateChecker.UpdateCheckerJob.run [40]: Checking for new version of cura
2021-12-19 17:35:54,265 - INFO - [MainThread] UM.Logger.info [128]: Loaded plugin VersionUpgrade21to22
2021-12-19 17:35:54,272 - INFO - [MainThread] UM.Logger.info [128]: Loaded plugin VersionUpgrade22to24
2021-12-19 17:35:54,277 - INFO - [MainThread] UM.Logger.info [128]: Loaded plugin VersionUpgrade25to26
2021-12-19 17:35:54,281 - INFO - [MainThread] UM.Logger.info [128]: Loaded plugin VersionUpgrade26to27
2021-12-19 17:35:54,285 - INFO - [MainThread] UM.Logger.info [128]: Loaded plugin VersionUpgrade27to30
2021-12-19 17:35:54,289 - INFO - [MainThread] UM.Logger.info [128]: Loaded plugin VersionUpgrade30to31
2021-12-19 17:35:54,293 - INFO - [MainThread] UM.Logger.info [128]: Loaded plugin VersionUpgrade32to33
2021-12-19 17:35:54,297 - INFO - [MainThread] UM.Logger.info [128]: Loaded plugin VersionUpgrade33to34
2021-12-19 17:35:54,301 - INFO - [MainThread] UM.Logger.info [128]: Loaded plugin VersionUpgrade34to35
2021-12-19 17:35:54,305 - INFO - [MainThread] UM.Logger.info [128]: Loaded plugin VersionUpgrade35to40
2021-12-19 17:35:54,308 - INFO - [MainThread] UM.Logger.info [128]: Loaded plugin VersionUpgrade40to41
2021-12-19 17:35:54,313 - INFO - [MainThread] UM.Logger.info [128]: Loaded plugin VersionUpgrade41to42
2021-12-19 17:35:54,318 - INFO - [MainThread] UM.Logger.info [128]: Loaded plugin VersionUpgrade42to43
2021-12-19 17:35:54,322 - INFO - [MainThread] UM.Logger.info [128]: Loaded plugin VersionUpgrade43to44
2021-12-19 17:35:54,328 - INFO - [MainThread] UM.Logger.info [128]: Loaded plugin VersionUpgrade44to45
2021-12-19 17:35:54,332 - INFO - [MainThread] UM.Logger.info [128]: Loaded plugin VersionUpgrade45to46
2021-12-19 17:35:54,336 - INFO - [MainThread] UM.Logger.info [128]: Loaded plugin VersionUpgrade460to462
2021-12-19 17:35:54,341 - INFO - [MainThread] UM.Logger.info [128]: Loaded plugin VersionUpgrade462to47
2021-12-19 17:35:54,345 - INFO - [MainThread] UM.Logger.info [128]: Loaded plugin VersionUpgrade47to48
2021-12-19 17:35:54,349 - INFO - [MainThread] UM.Logger.info [128]: Loaded plugin VersionUpgrade48to49
2021-12-19 17:35:54,353 - INFO - [MainThread] UM.Logger.info [128]: Loaded plugin VersionUpgrade49to410
2021-12-19 17:35:54,356 - INFO - [MainThread] UM.Logger.info [128]: Loaded plugin SimpleView
2021-12-19 17:35:54,369 - INFO - [MainThread] UM.Logger.info [128]: Loaded plugin X3DReader
2021-12-19 17:35:54,374 - INFO - [MainThread] UM.Logger.info [128]: Loaded plugin XRayView
2021-12-19 17:35:54,389 - INFO - [MainThread] UM.Logger.info [128]: Loaded plugin XmlMaterialProfile
2021-12-19 17:35:54,394 - INFO - [MainThread] UM.Logger.info [128]: Loaded plugin LinearAdvanceSettingPlugin
2021-12-19 17:35:54,400 - INFO - [MainThread] UM.Logger.info [128]: Loaded plugin MaterialSettingsPlugin
2021-12-19 17:35:54,402 - DEBUG - [MainThread] UM.PluginRegistry.loadPlugins [404]: Loading all plugins took 0.8832862377166748 seconds
2021-12-19 17:35:54,405 - INFO - [MainThread] UM.VersionUpgradeManager.upgrade [163]: Looking for old configuration files to upgrade.
2021-12-19 17:35:54,414 - INFO - [JobQueueWorker [0]] UpdateChecker.UpdateCheckerJob.run [86]: Found a new version of the software. Spawning message
2021-12-19 17:35:54,430 - INFO - [MainThread] UM.VersionUpgradeManager._getUpgradeTasks [335]: Create upgrade task for configuration file [./custom_extruder_2+%235_settings.inst.cfg] with type [definition_changes] and source version [4000016]
2021-12-19 17:35:54,431 - INFO - [MainThread] UM.VersionUpgradeManager._getUpgradeTasks [335]: Create upgrade task for configuration file [./custom_extruder_6+%235_settings.inst.cfg] with type [definition_changes] and source version [4000016]
2021-12-19 17:35:54,433 - INFO - [MainThread] UM.VersionUpgradeManager._getUpgradeTasks [335]: Create upgrade task for configuration file [./custom_extruder_4+%235_settings.inst.cfg] with type [definition_changes] and source version [4000016]
2021-12-19 17:35:54,434 - INFO - [MainThread] UM.VersionUpgradeManager._getUpgradeTasks [335]: Create upgrade task for configuration file [./custom_extruder_2+%232_settings.inst.cfg] with type [definition_changes] and source version [4000016]
2021-12-19 17:35:54,436 - INFO - [MainThread] UM.VersionUpgradeManager._getUpgradeTasks [335]: Create upgrade task for configuration file [./HevORT+lite_settings.inst.cfg] with type [definition_changes] and source version [4000016]
2021-12-19 17:35:54,437 - INFO - [MainThread] UM.VersionUpgradeManager._getUpgradeTasks [335]: Create upgrade task for configuration file [./custom_extruder_2+%233_settings.inst.cfg] with type [definition_changes] and source version [4000016]
2021-12-19 17:35:54,439 - INFO - [MainThread] UM.VersionUpgradeManager._getUpgradeTasks [335]: Create upgrade task for configuration file [./custom_extruder_8+%234_settings.inst.cfg] with type [definition_changes] and source version [4000016]
2021-12-19 17:35:54,440 - INFO - [MainThread] UM.VersionUpgradeManager._getUpgradeTasks [335]: Create upgrade task for configuration file [./custom_extruder_5+%235_settings.inst.cfg] with type [definition_changes] and source version [4000016]
2021-12-19 17:35:54,441 - INFO - [MainThread] UM.VersionUpgradeManager._getUpgradeTasks [335]: Create upgrade task for configuration file [./custom_extruder_7+%232_settings.inst.cfg] with type [definition_changes] and source version [4000016]
2021-12-19 17:35:54,443 - INFO - [MainThread] UM.VersionUpgradeManager._getUpgradeTasks [335]: Create upgrade task for configuration file [./custom_extruder_1+%233_settings.inst.cfg] with type [definition_changes] and source version [4000016]
2021-12-19 17:35:54,444 - INFO - [MainThread] UM.VersionUpgradeManager._getUpgradeTasks [335]: Create upgrade task for configuration file [./Creality+Ender-3_settings.inst.cfg] with type [definition_changes] and source version [4000016]
2021-12-19 17:35:54,445 - INFO - [MainThread] UM.VersionUpgradeManager._getUpgradeTasks [335]: Create upgrade task for configuration file [./custom_extruder_8+%233_settings.inst.cfg] with type [definition_changes] and source version [4000016]
2021-12-19 17:35:54,447 - INFO - [MainThread] UM.VersionUpgradeManager._getUpgradeTasks [335]: Create upgrade task for configuration file [./V2-STD_settings.inst.cfg] with type [definition_changes] and source version [4000016]
2021-12-19 17:35:54,448 - INFO - [MainThread] UM.VersionUpgradeManager._getUpgradeTasks [335]: Create upgrade task for configuration file [./custom_extruder_4+%233_settings.inst.cfg] with type [definition_changes] and source version [4000016]
2021-12-19 17:35:54,449 - INFO - [MainThread] UM.VersionUpgradeManager._getUpgradeTasks [335]: Create upgrade task for configuration file [./custom_extruder_3+%235_settings.inst.cfg] with type [definition_changes] and source version [4000016]
2021-12-19 17:35:54,451 - INFO - [MainThread] UM.VersionUpgradeManager._getUpgradeTasks [335]: Create upgrade task for configuration file [./custom_extruder_1+%234_settings.inst.cfg] with type [definition_changes] and source version [4000016]
2021-12-19 17:35:54,452 - INFO - [MainThread] UM.VersionUpgradeManager._getUpgradeTasks [335]: Create upgrade task for configuration file [./SnakeOil_180_settings.inst.cfg] with type [definition_changes] and source version [4000016]
2021-12-19 17:35:54,454 - INFO - [MainThread] UM.VersionUpgradeManager._getUpgradeTasks [335]: Create upgrade task for configuration file [./custom_extruder_7+%234_settings.inst.cfg] with type [definition_changes] and source version [4000016]
2021-12-19 17:35:54,455 - INFO - [MainThread] UM.VersionUpgradeManager._getUpgradeTasks [335]: Create upgrade task for configuration file [./custom_extruder_6+%232_settings.inst.cfg] with type [definition_changes] and source version [4000016]
2021-12-19 17:35:54,456 - INFO - [MainThread] UM.VersionUpgradeManager._getUpgradeTasks [335]: Create upgrade task for configuration file [./custom_extruder_8+%235_settings.inst.cfg] with type [definition_changes] and source version [4000016]
2021-12-19 17:35:54,458 - INFO - [MainThread] UM.VersionUpgradeManager._getUpgradeTasks [335]: Create upgrade task for configuration file [./custom_extruder_2+%234_settings.inst.cfg] with type [definition_changes] and source version [4000016]
2021-12-19 17:35:54,459 - INFO - [MainThread] UM.VersionUpgradeManager._getUpgradeTasks [335]: Create upgrade task for configuration file [./custom_extruder_6+%233_settings.inst.cfg] with type [definition_changes] and source version [4000016]
2021-12-19 17:35:54,460 - INFO - [MainThread] UM.VersionUpgradeManager._getUpgradeTasks [335]: Create upgrade task for configuration file [./custom_extruder_7+%235_settings.inst.cfg] with type [definition_changes] and source version [4000016]
2021-12-19 17:35:54,462 - INFO - [MainThread] UM.VersionUpgradeManager._getUpgradeTasks [335]: Create upgrade task for configuration file [./custom_extruder_7+%233_settings.inst.cfg] with type [definition_changes] and source version [4000016]
2021-12-19 17:35:54,463 - INFO - [MainThread] UM.VersionUpgradeManager._getUpgradeTasks [335]: Create upgrade task for configuration file [./custom_extruder_8+%232_settings.inst.cfg] with type [definition_changes] and source version [4000016]
2021-12-19 17:35:54,464 - INFO - [MainThread] UM.VersionUpgradeManager._getUpgradeTasks [335]: Create upgrade task for configuration file [./custom_extruder_4+%232_settings.inst.cfg] with type [definition_changes] and source version [4000016]
2021-12-19 17:35:54,466 - INFO - [MainThread] UM.VersionUpgradeManager._getUpgradeTasks [335]: Create upgrade task for configuration file [./custom_extruder_5+%234_settings.inst.cfg] with type [definition_changes] and source version [4000016]
2021-12-19 17:35:54,467 - INFO - [MainThread] UM.VersionUpgradeManager._getUpgradeTasks [335]: Create upgrade task for configuration file [./custom_extruder_3+%232_settings.inst.cfg] with type [definition_changes] and source version [4000016]
2021-12-19 17:35:54,468 - INFO - [MainThread] UM.VersionUpgradeManager._getUpgradeTasks [335]: Create upgrade task for configuration file [./custom_extruder_5+%232_settings.inst.cfg] with type [definition_changes] and source version [4000016]
2021-12-19 17:35:54,470 - INFO - [MainThread] UM.VersionUpgradeManager._getUpgradeTasks [335]: Create upgrade task for configuration file [./custom_extruder_5+%233_settings.inst.cfg] with type [definition_changes] and source version [4000016]
2021-12-19 17:35:54,471 - INFO - [MainThread] UM.VersionUpgradeManager._getUpgradeTasks [335]: Create upgrade task for configuration file [./custom_extruder_1+%235_settings.inst.cfg] with type [definition_changes] and source version [4000016]
2021-12-19 17:35:54,472 - INFO - [MainThread] UM.VersionUpgradeManager._getUpgradeTasks [335]: Create upgrade task for configuration file [./custom_extruder_6+%234_settings.inst.cfg] with type [definition_changes] and source version [4000016]
2021-12-19 17:35:54,474 - INFO - [MainThread] UM.VersionUpgradeManager._getUpgradeTasks [335]: Create upgrade task for configuration file [./custom_extruder_3+%233_settings.inst.cfg] with type [definition_changes] and source version [4000016]
2021-12-19 17:35:54,475 - INFO - [MainThread] UM.VersionUpgradeManager._getUpgradeTasks [335]: Create upgrade task for configuration file [./creality_base_extruder_0+%232_settings.inst.cfg] with type [definition_changes] and source version [4000016]
2021-12-19 17:35:54,476 - INFO - [MainThread] UM.VersionUpgradeManager._getUpgradeTasks [335]: Create upgrade task for configuration file [./custom_extruder_3+%234_settings.inst.cfg] with type [definition_changes] and source version [4000016]
2021-12-19 17:35:54,478 - INFO - [MainThread] UM.VersionUpgradeManager._getUpgradeTasks [335]: Create upgrade task for configuration file [./custom_extruder_1+%232_settings.inst.cfg] with type [definition_changes] and source version [4000016]
2021-12-19 17:35:54,479 - INFO - [MainThread] UM.VersionUpgradeManager._getUpgradeTasks [335]: Create upgrade task for configuration file [./custom_extruder_4+%234_settings.inst.cfg] with type [definition_changes] and source version [4000016]
2021-12-19 17:35:54,497 - INFO - [MainThread] UM.VersionUpgradeManager._getUpgradeTasks [335]: Create upgrade task for configuration file [./custom_extruder_2+%233.extruder.cfg] with type [extruder_train] and source version [4000016]
2021-12-19 17:35:54,499 - INFO - [MainThread] UM.VersionUpgradeManager._getUpgradeTasks [335]: Create upgrade task for configuration file [./custom_extruder_4+%232.extruder.cfg] with type [extruder_train] and source version [4000016]
2021-12-19 17:35:54,500 - INFO - [MainThread] UM.VersionUpgradeManager._getUpgradeTasks [335]: Create upgrade task for configuration file [./custom_extruder_3+%233.extruder.cfg] with type [extruder_train] and source version [4000016]
2021-12-19 17:35:54,501 - INFO - [MainThread] UM.VersionUpgradeManager._getUpgradeTasks [335]: Create upgrade task for configuration file [./custom_extruder_7+%234.extruder.cfg] with type [extruder_train] and source version [4000016]
2021-12-19 17:35:54,503 - INFO - [MainThread] UM.VersionUpgradeManager._getUpgradeTasks [335]: Create upgrade task for configuration file [./custom_extruder_7+%233.extruder.cfg] with type [extruder_train] and source version [4000016]
2021-12-19 17:35:54,504 - INFO - [MainThread] UM.VersionUpgradeManager._getUpgradeTasks [335]: Create upgrade task for configuration file [./custom_extruder_1+%235.extruder.cfg] with type [extruder_train] and source version [4000016]
2021-12-19 17:35:54,505 - INFO - [MainThread] UM.VersionUpgradeManager._getUpgradeTasks [335]: Create upgrade task for configuration file [./custom_extruder_5+%234.extruder.cfg] with type [extruder_train] and source version [4000016]
2021-12-19 17:35:54,507 - INFO - [MainThread] UM.VersionUpgradeManager._getUpgradeTasks [335]: Create upgrade task for configuration file [./custom_extruder_3+%232.extruder.cfg] with type [extruder_train] and source version [4000016]
2021-12-19 17:35:54,508 - INFO - [MainThread] UM.VersionUpgradeManager._getUpgradeTasks [335]: Create upgrade task for configuration file [./custom_extruder_3+%234.extruder.cfg] with type [extruder_train] and source version [4000016]
2021-12-19 17:35:54,509 - INFO - [MainThread] UM.VersionUpgradeManager._getUpgradeTasks [335]: Create upgrade task for configuration file [./custom_extruder_7+%232.extruder.cfg] with type [extruder_train] and source version [4000016]
2021-12-19 17:35:54,511 - INFO - [MainThread] UM.VersionUpgradeManager._getUpgradeTasks [335]: Create upgrade task for configuration file [./custom_extruder_6+%235.extruder.cfg] with type [extruder_train] and source version [4000016]
2021-12-19 17:35:54,512 - INFO - [MainThread] UM.VersionUpgradeManager._getUpgradeTasks [335]: Create upgrade task for configuration file [./custom_extruder_3+%235.extruder.cfg] with type [extruder_train] and source version [4000016]
2021-12-19 17:35:54,513 - INFO - [MainThread] UM.VersionUpgradeManager._getUpgradeTasks [335]: Create upgrade task for configuration file [./custom_extruder_8+%234.extruder.cfg] with type [extruder_train] and source version [4000016]
2021-12-19 17:35:54,515 - INFO - [MainThread] UM.VersionUpgradeManager._getUpgradeTasks [335]: Create upgrade task for configuration file [./custom_extruder_8+%235.extruder.cfg] with type [extruder_train] and source version [4000016]
2021-12-19 17:35:54,516 - INFO - [MainThread] UM.VersionUpgradeManager._getUpgradeTasks [335]: Create upgrade task for configuration file [./custom_extruder_1+%234.extruder.cfg] with type [extruder_train] and source version [4000016]
2021-12-19 17:35:54,517 - INFO - [MainThread] UM.VersionUpgradeManager._getUpgradeTasks [335]: Create upgrade task for configuration file [./custom_extruder_1+%232.extruder.cfg] with type [extruder_train] and source version [4000016]
2021-12-19 17:35:54,519 - INFO - [MainThread] UM.VersionUpgradeManager._getUpgradeTasks [335]: Create upgrade task for configuration file [./custom_extruder_6+%232.extruder.cfg] with type [extruder_train] and source version [4000016]
2021-12-19 17:35:54,520 - INFO - [MainThread] UM.VersionUpgradeManager._getUpgradeTasks [335]: Create upgrade task for configuration file [./custom_extruder_4+%233.extruder.cfg] with type [extruder_train] and source version [4000016]
2021-12-19 17:35:54,521 - INFO - [MainThread] UM.VersionUpgradeManager._getUpgradeTasks [335]: Create upgrade task for configuration file [./custom_extruder_4+%235.extruder.cfg] with type [extruder_train] and source version [4000016]
2021-12-19 17:35:54,523 - INFO - [MainThread] UM.VersionUpgradeManager._getUpgradeTasks [335]: Create upgrade task for configuration file [./custom_extruder_8+%233.extruder.cfg] with type [extruder_train] and source version [4000016]
2021-12-19 17:35:54,524 - INFO - [MainThread] UM.VersionUpgradeManager._getUpgradeTasks [335]: Create upgrade task for configuration file [./custom_extruder_6+%233.extruder.cfg] with type [extruder_train] and source version [4000016]
2021-12-19 17:35:54,525 - INFO - [MainThread] UM.VersionUpgradeManager._getUpgradeTasks [335]: Create upgrade task for configuration file [./custom_extruder_1+%233.extruder.cfg] with type [extruder_train] and source version [4000016]
2021-12-19 17:35:54,527 - INFO - [MainThread] UM.VersionUpgradeManager._getUpgradeTasks [335]: Create upgrade task for configuration file [./custom_extruder_5+%232.extruder.cfg] with type [extruder_train] and source version [4000016]
2021-12-19 17:35:54,528 - INFO - [MainThread] UM.VersionUpgradeManager._getUpgradeTasks [335]: Create upgrade task for configuration file [./custom_extruder_2+%235.extruder.cfg] with type [extruder_train] and source version [4000016]
2021-12-19 17:35:54,530 - INFO - [MainThread] UM.VersionUpgradeManager._getUpgradeTasks [335]: Create upgrade task for configuration file [./custom_extruder_6+%234.extruder.cfg] with type [extruder_train] and source version [4000016]
2021-12-19 17:35:54,531 - INFO - [MainThread] UM.VersionUpgradeManager._getUpgradeTasks [335]: Create upgrade task for configuration file [./custom_extruder_2+%234.extruder.cfg] with type [extruder_train] and source version [4000016]
2021-12-19 17:35:54,532 - INFO - [MainThread] UM.VersionUpgradeManager._getUpgradeTasks [335]: Create upgrade task for configuration file [./custom_extruder_4+%234.extruder.cfg] with type [extruder_train] and source version [4000016]
2021-12-19 17:35:54,534 - INFO - [MainThread] UM.VersionUpgradeManager._getUpgradeTasks [335]: Create upgrade task for configuration file [./custom_extruder_5+%235.extruder.cfg] with type [extruder_train] and source version [4000016]
2021-12-19 17:35:54,535 - INFO - [MainThread] UM.VersionUpgradeManager._getUpgradeTasks [335]: Create upgrade task for configuration file [./creality_base_extruder_0+%232.extruder.cfg] with type [extruder_train] and source version [4000016]
2021-12-19 17:35:54,536 - INFO - [MainThread] UM.VersionUpgradeManager._getUpgradeTasks [335]: Create upgrade task for configuration file [./custom_extruder_2+%232.extruder.cfg] with type [extruder_train] and source version [4000016]
2021-12-19 17:35:54,538 - INFO - [MainThread] UM.VersionUpgradeManager._getUpgradeTasks [335]: Create upgrade task for configuration file [./custom_extruder_5+%233.extruder.cfg] with type [extruder_train] and source version [4000016]
2021-12-19 17:35:54,539 - INFO - [MainThread] UM.VersionUpgradeManager._getUpgradeTasks [335]: Create upgrade task for configuration file [./custom_extruder_7+%235.extruder.cfg] with type [extruder_train] and source version [4000016]
2021-12-19 17:35:54,540 - INFO - [MainThread] UM.VersionUpgradeManager._getUpgradeTasks [335]: Create upgrade task for configuration file [./custom_extruder_8+%232.extruder.cfg] with type [extruder_train] and source version [4000016]
2021-12-19 17:35:54,545 - INFO - [MainThread] UM.VersionUpgradeManager._getUpgradeTasks [335]: Create upgrade task for configuration file [./V2-STD.global.cfg] with type [machine_stack] and source version [4000016]
2021-12-19 17:35:54,546 - INFO - [MainThread] UM.VersionUpgradeManager._getUpgradeTasks [335]: Create upgrade task for configuration file [./Creality+Ender-3.global.cfg] with type [machine_stack] and source version [4000016]
2021-12-19 17:35:54,548 - INFO - [MainThread] UM.VersionUpgradeManager._getUpgradeTasks [335]: Create upgrade task for configuration file [./SnakeOil_180.global.cfg] with type [machine_stack] and source version [4000016]
2021-12-19 17:35:54,549 - INFO - [MainThread] UM.VersionUpgradeManager._getUpgradeTasks [335]: Create upgrade task for configuration file [./HevORT+lite.global.cfg] with type [machine_stack] and source version [4000016]
2021-12-19 17:35:54,559 - INFO - [MainThread] UM.VersionUpgradeManager._getUpgradeTasks [335]: Create upgrade task for configuration file [./custom_extruder_1_%235_yolo_-_corexy.inst.cfg] with type [quality_changes] and source version [4000016]
2021-12-19 17:35:54,561 - INFO - [MainThread] UM.VersionUpgradeManager._getUpgradeTasks [335]: Create upgrade task for configuration file [./custom_pc_-_corexy.inst.cfg] with type [quality_changes] and source version [4000016]
2021-12-19 17:35:54,562 - INFO - [MainThread] UM.VersionUpgradeManager._getUpgradeTasks [335]: Create upgrade task for configuration file [./custom_extruder_1_%233_fast_-_corexy.inst.cfg] with type [quality_changes] and source version [4000016]
2021-12-19 17:35:54,563 - INFO - [MainThread] UM.VersionUpgradeManager._getUpgradeTasks [335]: Create upgrade task for configuration file [./custom_extruder_1_%234_pc_-_corexy.inst.cfg] with type [quality_changes] and source version [4000016]
2021-12-19 17:35:54,565 - INFO - [MainThread] UM.VersionUpgradeManager._getUpgradeTasks [335]: Create upgrade task for configuration file [./custom_extruder_1_%233_good_-_corexy.inst.cfg] with type [quality_changes] and source version [4000016]
2021-12-19 17:35:54,566 - INFO - [MainThread] UM.VersionUpgradeManager._getUpgradeTasks [335]: Create upgrade task for configuration file [./custom_good_-_corexy.inst.cfg] with type [quality_changes] and source version [4000016]
2021-12-19 17:35:54,567 - INFO - [MainThread] UM.VersionUpgradeManager._getUpgradeTasks [335]: Create upgrade task for configuration file [./custom_yolo_-_corexy.inst.cfg] with type [quality_changes] and source version [4000016]
2021-12-19 17:35:54,569 - INFO - [MainThread] UM.VersionUpgradeManager._getUpgradeTasks [335]: Create upgrade task for configuration file [./custom_fast_-_corexy.inst.cfg] with type [quality_changes] and source version [4000016]
2021-12-19 17:35:54,576 - WARNING - [MainThread] UM.VersionUpgradeManager._getUpgradeTasks [332]: Failed to get file version: ../custom_material+%236.xml.fdm_material, skip it
2021-12-19 17:35:54,577 - WARNING - [MainThread] UM.VersionUpgradeManager._getUpgradeTasks [332]: Failed to get file version: ../custom_material.xml.fdm_material, skip it
2021-12-19 17:35:54,579 - WARNING - [MainThread] UM.VersionUpgradeManager._getUpgradeTasks [332]: Failed to get file version: ../custom_material+%232.xml.fdm_material, skip it
2021-12-19 17:35:54,580 - WARNING - [MainThread] UM.VersionUpgradeManager._getUpgradeTasks [332]: Failed to get file version: ../custom_material+%235.xml.fdm_material, skip it
2021-12-19 17:35:54,581 - WARNING - [MainThread] UM.VersionUpgradeManager._getUpgradeTasks [332]: Failed to get file version: ../custom_material+%233.xml.fdm_material, skip it
2021-12-19 17:35:54,583 - WARNING - [MainThread] UM.VersionUpgradeManager._getUpgradeTasks [332]: Failed to get file version: ../custom_material+%234.xml.fdm_material, skip it
2021-12-19 17:35:54,597 - INFO - [MainThread] UM.VersionUpgradeManager._getUpgradeTasks [335]: Create upgrade task for configuration file [./custom_extruder_5+%233_user.inst.cfg] with type [user] and source version [4000016]
2021-12-19 17:35:54,599 - INFO - [MainThread] UM.VersionUpgradeManager._getUpgradeTasks [335]: Create upgrade task for configuration file [./custom_extruder_2+%232_user.inst.cfg] with type [user] and source version [4000016]
2021-12-19 17:35:54,600 - INFO - [MainThread] UM.VersionUpgradeManager._getUpgradeTasks [335]: Create upgrade task for configuration file [./custom_extruder_4+%234_user.inst.cfg] with type [user] and source version [4000016]
2021-12-19 17:35:54,602 - INFO - [MainThread] UM.VersionUpgradeManager._getUpgradeTasks [335]: Create upgrade task for configuration file [./custom_extruder_5+%234_user.inst.cfg] with type [user] and source version [4000016]
2021-12-19 17:35:54,603 - INFO - [MainThread] UM.VersionUpgradeManager._getUpgradeTasks [335]: Create upgrade task for configuration file [./custom_extruder_4+%232_user.inst.cfg] with type [user] and source version [4000016]
2021-12-19 17:35:54,604 - INFO - [MainThread] UM.VersionUpgradeManager._getUpgradeTasks [335]: Create upgrade task for configuration file [./custom_extruder_2+%235_user.inst.cfg] with type [user] and source version [4000016]
2021-12-19 17:35:54,606 - INFO - [MainThread] UM.VersionUpgradeManager._getUpgradeTasks [335]: Create upgrade task for configuration file [./V2-STD_user.inst.cfg] with type [user] and source version [4000016]
2021-12-19 17:35:54,607 - INFO - [MainThread] UM.VersionUpgradeManager._getUpgradeTasks [335]: Create upgrade task for configuration file [./custom_extruder_1+%234_user.inst.cfg] with type [user] and source version [4000016]
2021-12-19 17:35:54,608 - INFO - [MainThread] UM.VersionUpgradeManager._getUpgradeTasks [335]: Create upgrade task for configuration file [./custom_extruder_5+%232_user.inst.cfg] with type [user] and source version [4000016]
2021-12-19 17:35:54,610 - INFO - [MainThread] UM.VersionUpgradeManager._getUpgradeTasks [335]: Create upgrade task for configuration file [./custom_extruder_2+%233_user.inst.cfg] with type [user] and source version [4000016]
2021-12-19 17:35:54,611 - INFO - [MainThread] UM.VersionUpgradeManager._getUpgradeTasks [335]: Create upgrade task for configuration file [./custom_extruder_6+%233_user.inst.cfg] with type [user] and source version [4000016]
2021-12-19 17:35:54,612 - INFO - [MainThread] UM.VersionUpgradeManager._getUpgradeTasks [335]: Create upgrade task for configuration file [./custom_extruder_7+%234_user.inst.cfg] with type [user] and source version [4000016]
2021-12-19 17:35:54,614 - INFO - [MainThread] UM.VersionUpgradeManager._getUpgradeTasks [335]: Create upgrade task for configuration file [./custom_extruder_1+%232_user.inst.cfg] with type [user] and source version [4000016]
2021-12-19 17:35:54,615 - INFO - [MainThread] UM.VersionUpgradeManager._getUpgradeTasks [335]: Create upgrade task for configuration file [./custom_extruder_7+%233_user.inst.cfg] with type [user] and source version [4000016]
2021-12-19 17:35:54,616 - INFO - [MainThread] UM.VersionUpgradeManager._getUpgradeTasks [335]: Create upgrade task for configuration file [./custom_extruder_4+%235_user.inst.cfg] with type [user] and source version [4000016]
2021-12-19 17:35:54,618 - INFO - [MainThread] UM.VersionUpgradeManager._getUpgradeTasks [335]: Create upgrade task for configuration file [./custom_extruder_1+%233_user.inst.cfg] with type [user] and source version [4000016]
2021-12-19 17:35:54,619 - INFO - [MainThread] UM.VersionUpgradeManager._getUpgradeTasks [335]: Create upgrade task for configuration file [./custom_extruder_6+%235_user.inst.cfg] with type [user] and source version [4000016]
2021-12-19 17:35:54,620 - INFO - [MainThread] UM.VersionUpgradeManager._getUpgradeTasks [335]: Create upgrade task for configuration file [./custom_extruder_8+%234_user.inst.cfg] with type [user] and source version [4000016]
2021-12-19 17:35:54,622 - INFO - [MainThread] UM.VersionUpgradeManager._getUpgradeTasks [335]: Create upgrade task for configuration file [./custom_extruder_3+%235_user.inst.cfg] with type [user] and source version [4000016]
2021-12-19 17:35:54,623 - INFO - [MainThread] UM.VersionUpgradeManager._getUpgradeTasks [335]: Create upgrade task for configuration file [./custom_extruder_3+%233_user.inst.cfg] with type [user] and source version [4000016]
2021-12-19 17:35:54,624 - INFO - [MainThread] UM.VersionUpgradeManager._getUpgradeTasks [335]: Create upgrade task for configuration file [./custom_extruder_1+%235_user.inst.cfg] with type [user] and source version [4000016]
2021-12-19 17:35:54,626 - INFO - [MainThread] UM.VersionUpgradeManager._getUpgradeTasks [335]: Create upgrade task for configuration file [./custom_extruder_7+%235_user.inst.cfg] with type [user] and source version [4000016]
2021-12-19 17:35:54,627 - INFO - [MainThread] UM.VersionUpgradeManager._getUpgradeTasks [335]: Create upgrade task for configuration file [./custom_extruder_8+%235_user.inst.cfg] with type [user] and source version [4000016]
2021-12-19 17:35:54,629 - INFO - [MainThread] UM.VersionUpgradeManager._getUpgradeTasks [335]: Create upgrade task for configuration file [./custom_extruder_8+%232_user.inst.cfg] with type [user] and source version [4000016]
2021-12-19 17:35:54,630 - INFO - [MainThread] UM.VersionUpgradeManager._getUpgradeTasks [335]: Create upgrade task for configuration file [./custom_extruder_6+%234_user.inst.cfg] with type [user] and source version [4000016]
2021-12-19 17:35:54,631 - INFO - [MainThread] UM.VersionUpgradeManager._getUpgradeTasks [335]: Create upgrade task for configuration file [./custom_extruder_8+%233_user.inst.cfg] with type [user] and source version [4000016]
2021-12-19 17:35:54,633 - INFO - [MainThread] UM.VersionUpgradeManager._getUpgradeTasks [335]: Create upgrade task for configuration file [./custom_extruder_7+%232_user.inst.cfg] with type [user] and source version [4000016]
2021-12-19 17:35:54,634 - INFO - [MainThread] UM.VersionUpgradeManager._getUpgradeTasks [335]: Create upgrade task for configuration file [./creality_base_extruder_0+%232_user.inst.cfg] with type [user] and source version [4000016]
2021-12-19 17:35:54,635 - INFO - [MainThread] UM.VersionUpgradeManager._getUpgradeTasks [335]: Create upgrade task for configuration file [./HevORT+lite_user.inst.cfg] with type [user] and source version [4000016]
2021-12-19 17:35:54,637 - INFO - [MainThread] UM.VersionUpgradeManager._getUpgradeTasks [335]: Create upgrade task for configuration file [./custom_extruder_2+%234_user.inst.cfg] with type [user] and source version [4000016]
2021-12-19 17:35:54,638 - INFO - [MainThread] UM.VersionUpgradeManager._getUpgradeTasks [335]: Create upgrade task for configuration file [./custom_extruder_3+%234_user.inst.cfg] with type [user] and source version [4000016]
2021-12-19 17:35:54,639 - INFO - [MainThread] UM.VersionUpgradeManager._getUpgradeTasks [335]: Create upgrade task for configuration file [./custom_extruder_5+%235_user.inst.cfg] with type [user] and source version [4000016]
2021-12-19 17:35:54,641 - INFO - [MainThread] UM.VersionUpgradeManager._getUpgradeTasks [335]: Create upgrade task for configuration file [./custom_extruder_6+%232_user.inst.cfg] with type [user] and source version [4000016]
2021-12-19 17:35:54,642 - INFO - [MainThread] UM.VersionUpgradeManager._getUpgradeTasks [335]: Create upgrade task for configuration file [./custom_extruder_4+%233_user.inst.cfg] with type [user] and source version [4000016]
2021-12-19 17:35:54,643 - INFO - [MainThread] UM.VersionUpgradeManager._getUpgradeTasks [335]: Create upgrade task for configuration file [./SnakeOil_180_user.inst.cfg] with type [user] and source version [4000016]
2021-12-19 17:35:54,645 - INFO - [MainThread] UM.VersionUpgradeManager._getUpgradeTasks [335]: Create upgrade task for configuration file [./Creality+Ender-3_user.inst.cfg] with type [user] and source version [4000016]
2021-12-19 17:35:54,646 - INFO - [MainThread] UM.VersionUpgradeManager._getUpgradeTasks [335]: Create upgrade task for configuration file [./custom_extruder_3+%232_user.inst.cfg] with type [user] and source version [4000016]
2021-12-19 17:35:54,653 - INFO - [MainThread] UM.VersionUpgradeManager._upgradeFile [421]: Upgraded ./custom_extruder_2+%235_settings.inst.cfg to version 4000017.
2021-12-19 17:35:54,657 - INFO - [MainThread] UM.VersionUpgradeManager._upgradeFile [421]: Upgraded ./custom_extruder_6+%235_settings.inst.cfg to version 4000017.
2021-12-19 17:35:54,661 - INFO - [MainThread] UM.VersionUpgradeManager._upgradeFile [421]: Upgraded ./custom_extruder_4+%235_settings.inst.cfg to version 4000017.
2021-12-19 17:35:54,665 - INFO - [MainThread] UM.VersionUpgradeManager._upgradeFile [421]: Upgraded ./custom_extruder_2+%232_settings.inst.cfg to version 4000017.
2021-12-19 17:35:54,669 - INFO - [MainThread] UM.VersionUpgradeManager._upgradeFile [421]: Upgraded ./HevORT+lite_settings.inst.cfg to version 4000017.
2021-12-19 17:35:54,673 - INFO - [MainThread] UM.VersionUpgradeManager._upgradeFile [421]: Upgraded ./custom_extruder_2+%233_settings.inst.cfg to version 4000017.
2021-12-19 17:35:54,676 - INFO - [MainThread] UM.VersionUpgradeManager._upgradeFile [421]: Upgraded ./custom_extruder_8+%234_settings.inst.cfg to version 4000017.
2021-12-19 17:35:54,680 - INFO - [MainThread] UM.VersionUpgradeManager._upgradeFile [421]: Upgraded ./custom_extruder_5+%235_settings.inst.cfg to version 4000017.
2021-12-19 17:35:54,683 - INFO - [MainThread] UM.VersionUpgradeManager._upgradeFile [421]: Upgraded ./custom_extruder_7+%232_settings.inst.cfg to version 4000017.
2021-12-19 17:35:54,687 - INFO - [MainThread] UM.VersionUpgradeManager._upgradeFile [421]: Upgraded ./custom_extruder_1+%233_settings.inst.cfg to version 4000017.
2021-12-19 17:35:54,690 - INFO - [MainThread] UM.VersionUpgradeManager._upgradeFile [421]: Upgraded ./Creality+Ender-3_settings.inst.cfg to version 4000017.
2021-12-19 17:35:54,694 - INFO - [MainThread] UM.VersionUpgradeManager._upgradeFile [421]: Upgraded ./custom_extruder_8+%233_settings.inst.cfg to version 4000017.
2021-12-19 17:35:54,697 - INFO - [MainThread] UM.VersionUpgradeManager._upgradeFile [421]: Upgraded ./V2-STD_settings.inst.cfg to version 4000017.
2021-12-19 17:35:54,701 - INFO - [MainThread] UM.VersionUpgradeManager._upgradeFile [421]: Upgraded ./custom_extruder_4+%233_settings.inst.cfg to version 4000017.
2021-12-19 17:35:54,704 - INFO - [MainThread] UM.VersionUpgradeManager._upgradeFile [421]: Upgraded ./custom_extruder_3+%235_settings.inst.cfg to version 4000017.
2021-12-19 17:35:54,708 - INFO - [MainThread] UM.VersionUpgradeManager._upgradeFile [421]: Upgraded ./custom_extruder_1+%234_settings.inst.cfg to version 4000017.
2021-12-19 17:35:54,712 - INFO - [MainThread] UM.VersionUpgradeManager._upgradeFile [421]: Upgraded ./SnakeOil_180_settings.inst.cfg to version 4000017.
2021-12-19 17:35:54,716 - INFO - [MainThread] UM.VersionUpgradeManager._upgradeFile [421]: Upgraded ./custom_extruder_7+%234_settings.inst.cfg to version 4000017.
2021-12-19 17:35:54,719 - INFO - [MainThread] UM.VersionUpgradeManager._upgradeFile [421]: Upgraded ./custom_extruder_6+%232_settings.inst.cfg to version 4000017.
2021-12-19 17:35:54,723 - INFO - [MainThread] UM.VersionUpgradeManager._upgradeFile [421]: Upgraded ./custom_extruder_8+%235_settings.inst.cfg to version 4000017.
2021-12-19 17:35:54,726 - INFO - [MainThread] UM.VersionUpgradeManager._upgradeFile [421]: Upgraded ./custom_extruder_2+%234_settings.inst.cfg to version 4000017.
2021-12-19 17:35:54,730 - INFO - [MainThread] UM.VersionUpgradeManager._upgradeFile [421]: Upgraded ./custom_extruder_6+%233_settings.inst.cfg to version 4000017.
2021-12-19 17:35:54,733 - INFO - [MainThread] UM.VersionUpgradeManager._upgradeFile [421]: Upgraded ./custom_extruder_7+%235_settings.inst.cfg to version 4000017.
2021-12-19 17:35:54,737 - INFO - [MainThread] UM.VersionUpgradeManager._upgradeFile [421]: Upgraded ./custom_extruder_7+%233_settings.inst.cfg to version 4000017.
2021-12-19 17:35:54,740 - INFO - [MainThread] UM.VersionUpgradeManager._upgradeFile [421]: Upgraded ./custom_extruder_8+%232_settings.inst.cfg to version 4000017.
2021-12-19 17:35:54,744 - INFO - [MainThread] UM.VersionUpgradeManager._upgradeFile [421]: Upgraded ./custom_extruder_4+%232_settings.inst.cfg to version 4000017.
2021-12-19 17:35:54,748 - INFO - [MainThread] UM.VersionUpgradeManager._upgradeFile [421]: Upgraded ./custom_extruder_5+%234_settings.inst.cfg to version 4000017.
2021-12-19 17:35:54,752 - INFO - [MainThread] UM.VersionUpgradeManager._upgradeFile [421]: Upgraded ./custom_extruder_3+%232_settings.inst.cfg to version 4000017.
2021-12-19 17:35:54,755 - INFO - [MainThread] UM.VersionUpgradeManager._upgradeFile [421]: Upgraded ./custom_extruder_5+%232_settings.inst.cfg to version 4000017.
2021-12-19 17:35:54,759 - INFO - [MainThread] UM.VersionUpgradeManager._upgradeFile [421]: Upgraded ./custom_extruder_5+%233_settings.inst.cfg to version 4000017.
2021-12-19 17:35:54,763 - INFO - [MainThread] UM.VersionUpgradeManager._upgradeFile [421]: Upgraded ./custom_extruder_1+%235_settings.inst.cfg to version 4000017.
2021-12-19 17:35:54,767 - INFO - [MainThread] UM.VersionUpgradeManager._upgradeFile [421]: Upgraded ./custom_extruder_6+%234_settings.inst.cfg to version 4000017.
2021-12-19 17:35:54,770 - INFO - [MainThread] UM.VersionUpgradeManager._upgradeFile [421]: Upgraded ./custom_extruder_3+%233_settings.inst.cfg to version 4000017.
2021-12-19 17:35:54,774 - INFO - [MainThread] UM.VersionUpgradeManager._upgradeFile [421]: Upgraded ./creality_base_extruder_0+%232_settings.inst.cfg to version 4000017.
2021-12-19 17:35:54,778 - INFO - [MainThread] UM.VersionUpgradeManager._upgradeFile [421]: Upgraded ./custom_extruder_3+%234_settings.inst.cfg to version 4000017.
2021-12-19 17:35:54,782 - INFO - [MainThread] UM.VersionUpgradeManager._upgradeFile [421]: Upgraded ./custom_extruder_1+%232_settings.inst.cfg to version 4000017.
2021-12-19 17:35:54,785 - INFO - [MainThread] UM.VersionUpgradeManager._upgradeFile [421]: Upgraded ./custom_extruder_4+%234_settings.inst.cfg to version 4000017.
2021-12-19 17:35:54,789 - INFO - [MainThread] UM.VersionUpgradeManager._upgradeFile [421]: Upgraded ./custom_extruder_2+%233.extruder.cfg to version 5000017.
2021-12-19 17:35:54,793 - INFO - [MainThread] UM.VersionUpgradeManager._upgradeFile [421]: Upgraded ./custom_extruder_4+%232.extruder.cfg to version 5000017.
2021-12-19 17:35:54,797 - INFO - [MainThread] UM.VersionUpgradeManager._upgradeFile [421]: Upgraded ./custom_extruder_3+%233.extruder.cfg to version 5000017.
2021-12-19 17:35:54,800 - INFO - [MainThread] UM.VersionUpgradeManager._upgradeFile [421]: Upgraded ./custom_extruder_7+%234.extruder.cfg to version 5000017.
2021-12-19 17:35:54,805 - INFO - [MainThread] UM.VersionUpgradeManager._upgradeFile [421]: Upgraded ./custom_extruder_7+%233.extruder.cfg to version 5000017.
2021-12-19 17:35:54,808 - INFO - [MainThread] UM.VersionUpgradeManager._upgradeFile [421]: Upgraded ./custom_extruder_1+%235.extruder.cfg to version 5000017.
2021-12-19 17:35:54,812 - INFO - [MainThread] UM.VersionUpgradeManager._upgradeFile [421]: Upgraded ./custom_extruder_5+%234.extruder.cfg to version 5000017.
2021-12-19 17:35:54,817 - INFO - [MainThread] UM.VersionUpgradeManager._upgradeFile [421]: Upgraded ./custom_extruder_3+%232.extruder.cfg to version 5000017.
2021-12-19 17:35:54,820 - INFO - [MainThread] UM.VersionUpgradeManager._upgradeFile [421]: Upgraded ./custom_extruder_3+%234.extruder.cfg to version 5000017.
2021-12-19 17:35:54,824 - INFO - [MainThread] UM.VersionUpgradeManager._upgradeFile [421]: Upgraded ./custom_extruder_7+%232.extruder.cfg to version 5000017.
2021-12-19 17:35:54,828 - INFO - [MainThread] UM.VersionUpgradeManager._upgradeFile [421]: Upgraded ./custom_extruder_6+%235.extruder.cfg to version 5000017.
2021-12-19 17:35:54,832 - INFO - [MainThread] UM.VersionUpgradeManager._upgradeFile [421]: Upgraded ./custom_extruder_3+%235.extruder.cfg to version 5000017.
2021-12-19 17:35:54,836 - INFO - [MainThread] UM.VersionUpgradeManager._upgradeFile [421]: Upgraded ./custom_extruder_8+%234.extruder.cfg to version 5000017.
2021-12-19 17:35:54,840 - INFO - [MainThread] UM.VersionUpgradeManager._upgradeFile [421]: Upgraded ./custom_extruder_8+%235.extruder.cfg to version 5000017.
2021-12-19 17:35:54,844 - INFO - [MainThread] UM.VersionUpgradeManager._upgradeFile [421]: Upgraded ./custom_extruder_1+%234.extruder.cfg to version 5000017.
2021-12-19 17:35:54,848 - INFO - [MainThread] UM.VersionUpgradeManager._upgradeFile [421]: Upgraded ./custom_extruder_1+%232.extruder.cfg to version 5000017.
2021-12-19 17:35:54,852 - INFO - [MainThread] UM.VersionUpgradeManager._upgradeFile [421]: Upgraded ./custom_extruder_6+%232.extruder.cfg to version 5000017.
2021-12-19 17:35:54,856 - INFO - [MainThread] UM.VersionUpgradeManager._upgradeFile [421]: Upgraded ./custom_extruder_4+%233.extruder.cfg to version 5000017.
2021-12-19 17:35:54,859 - INFO - [MainThread] UM.VersionUpgradeManager._upgradeFile [421]: Upgraded ./custom_extruder_4+%235.extruder.cfg to version 5000017.
2021-12-19 17:35:54,863 - INFO - [MainThread] UM.VersionUpgradeManager._upgradeFile [421]: Upgraded ./custom_extruder_8+%233.extruder.cfg to version 5000017.
2021-12-19 17:35:54,868 - INFO - [MainThread] UM.VersionUpgradeManager._upgradeFile [421]: Upgraded ./custom_extruder_6+%233.extruder.cfg to version 5000017.
2021-12-19 17:35:54,872 - INFO - [MainThread] UM.VersionUpgradeManager._upgradeFile [421]: Upgraded ./custom_extruder_1+%233.extruder.cfg to version 5000017.
2021-12-19 17:35:54,876 - INFO - [MainThread] UM.VersionUpgradeManager._upgradeFile [421]: Upgraded ./custom_extruder_5+%232.extruder.cfg to version 5000017.
2021-12-19 17:35:54,880 - INFO - [MainThread] UM.VersionUpgradeManager._upgradeFile [421]: Upgraded ./custom_extruder_2+%235.extruder.cfg to version 5000017.
2021-12-19 17:35:54,884 - INFO - [MainThread] UM.VersionUpgradeManager._upgradeFile [421]: Upgraded ./custom_extruder_6+%234.extruder.cfg to version 5000017.
2021-12-19 17:35:54,887 - INFO - [MainThread] UM.VersionUpgradeManager._upgradeFile [421]: Upgraded ./custom_extruder_2+%234.extruder.cfg to version 5000017.
2021-12-19 17:35:54,891 - INFO - [MainThread] UM.VersionUpgradeManager._upgradeFile [421]: Upgraded ./custom_extruder_4+%234.extruder.cfg to version 5000017.
2021-12-19 17:35:54,895 - INFO - [MainThread] UM.VersionUpgradeManager._upgradeFile [421]: Upgraded ./custom_extruder_5+%235.extruder.cfg to version 5000017.
2021-12-19 17:35:54,899 - INFO - [MainThread] UM.VersionUpgradeManager._upgradeFile [421]: Upgraded ./creality_base_extruder_0+%232.extruder.cfg to version 5000017.
2021-12-19 17:35:54,903 - INFO - [MainThread] UM.VersionUpgradeManager._upgradeFile [421]: Upgraded ./custom_extruder_2+%232.extruder.cfg to version 5000017.
2021-12-19 17:35:54,907 - INFO - [MainThread] UM.VersionUpgradeManager._upgradeFile [421]: Upgraded ./custom_extruder_5+%233.extruder.cfg to version 5000017.
2021-12-19 17:35:54,911 - INFO - [MainThread] UM.VersionUpgradeManager._upgradeFile [421]: Upgraded ./custom_extruder_7+%235.extruder.cfg to version 5000017.
2021-12-19 17:35:54,915 - INFO - [MainThread] UM.VersionUpgradeManager._upgradeFile [421]: Upgraded ./custom_extruder_8+%232.extruder.cfg to version 5000017.
2021-12-19 17:35:54,919 - INFO - [MainThread] UM.VersionUpgradeManager._upgradeFile [421]: Upgraded ./V2-STD.global.cfg to version 5000017.
2021-12-19 17:35:54,923 - INFO - [MainThread] UM.VersionUpgradeManager._upgradeFile [421]: Upgraded ./Creality+Ender-3.global.cfg to version 5000017.
2021-12-19 17:35:54,927 - INFO - [MainThread] UM.VersionUpgradeManager._upgradeFile [421]: Upgraded ./SnakeOil_180.global.cfg to version 5000017.
2021-12-19 17:35:54,931 - INFO - [MainThread] UM.VersionUpgradeManager._upgradeFile [421]: Upgraded ./HevORT+lite.global.cfg to version 5000017.
2021-12-19 17:35:54,935 - INFO - [MainThread] UM.VersionUpgradeManager._upgradeFile [421]: Upgraded ./custom_extruder_1_%235_yolo_-_corexy.inst.cfg to version 4000017.
2021-12-19 17:35:54,938 - INFO - [MainThread] UM.VersionUpgradeManager._upgradeFile [421]: Upgraded ./custom_pc_-_corexy.inst.cfg to version 4000017.
2021-12-19 17:35:54,942 - INFO - [MainThread] UM.VersionUpgradeManager._upgradeFile [421]: Upgraded ./custom_extruder_1_%233_fast_-_corexy.inst.cfg to version 4000017.
2021-12-19 17:35:54,946 - INFO - [MainThread] UM.VersionUpgradeManager._upgradeFile [421]: Upgraded ./custom_extruder_1_%234_pc_-_corexy.inst.cfg to version 4000017.
2021-12-19 17:35:54,950 - INFO - [MainThread] UM.VersionUpgradeManager._upgradeFile [421]: Upgraded ./custom_extruder_1_%233_good_-_corexy.inst.cfg to version 4000017.
2021-12-19 17:35:54,953 - INFO - [MainThread] UM.VersionUpgradeManager._upgradeFile [421]: Upgraded ./custom_good_-_corexy.inst.cfg to version 4000017.
2021-12-19 17:35:54,957 - INFO - [MainThread] UM.VersionUpgradeManager._upgradeFile [421]: Upgraded ./custom_yolo_-_corexy.inst.cfg to version 4000017.
2021-12-19 17:35:54,961 - INFO - [MainThread] UM.VersionUpgradeManager._upgradeFile [421]: Upgraded ./custom_fast_-_corexy.inst.cfg to version 4000017.
2021-12-19 17:35:54,965 - INFO - [MainThread] UM.VersionUpgradeManager._upgradeFile [421]: Upgraded ./custom_extruder_5+%233_user.inst.cfg to version 4000017.
2021-12-19 17:35:54,968 - INFO - [MainThread] UM.VersionUpgradeManager._upgradeFile [421]: Upgraded ./custom_extruder_2+%232_user.inst.cfg to version 4000017.
2021-12-19 17:35:54,972 - INFO - [MainThread] UM.VersionUpgradeManager._upgradeFile [421]: Upgraded ./custom_extruder_4+%234_user.inst.cfg to version 4000017.
2021-12-19 17:35:54,976 - INFO - [MainThread] UM.VersionUpgradeManager._upgradeFile [421]: Upgraded ./custom_extruder_5+%234_user.inst.cfg to version 4000017.
2021-12-19 17:35:54,980 - INFO - [MainThread] UM.VersionUpgradeManager._upgradeFile [421]: Upgraded ./custom_extruder_4+%232_user.inst.cfg to version 4000017.
2021-12-19 17:35:54,983 - INFO - [MainThread] UM.VersionUpgradeManager._upgradeFile [421]: Upgraded ./custom_extruder_2+%235_user.inst.cfg to version 4000017.
2021-12-19 17:35:54,987 - INFO - [MainThread] UM.VersionUpgradeManager._upgradeFile [421]: Upgraded ./V2-STD_user.inst.cfg to version 4000017.
2021-12-19 17:35:54,991 - INFO - [MainThread] UM.VersionUpgradeManager._upgradeFile [421]: Upgraded ./custom_extruder_1+%234_user.inst.cfg to version 4000017.
2021-12-19 17:35:54,994 - INFO - [MainThread] UM.VersionUpgradeManager._upgradeFile [421]: Upgraded ./custom_extruder_5+%232_user.inst.cfg to version 4000017.
2021-12-19 17:35:54,998 - INFO - [MainThread] UM.VersionUpgradeManager._upgradeFile [421]: Upgraded ./custom_extruder_2+%233_user.inst.cfg to version 4000017.
2021-12-19 17:35:55,002 - INFO - [MainThread] UM.VersionUpgradeManager._upgradeFile [421]: Upgraded ./custom_extruder_6+%233_user.inst.cfg to version 4000017.
2021-12-19 17:35:55,005 - INFO - [MainThread] UM.VersionUpgradeManager._upgradeFile [421]: Upgraded ./custom_extruder_7+%234_user.inst.cfg to version 4000017.
2021-12-19 17:35:55,009 - INFO - [MainThread] UM.VersionUpgradeManager._upgradeFile [421]: Upgraded ./custom_extruder_1+%232_user.inst.cfg to version 4000017.
2021-12-19 17:35:55,013 - INFO - [MainThread] UM.VersionUpgradeManager._upgradeFile [421]: Upgraded ./custom_extruder_7+%233_user.inst.cfg to version 4000017.
2021-12-19 17:35:55,016 - INFO - [MainThread] UM.VersionUpgradeManager._upgradeFile [421]: Upgraded ./custom_extruder_4+%235_user.inst.cfg to version 4000017.
2021-12-19 17:35:55,020 - INFO - [MainThread] UM.VersionUpgradeManager._upgradeFile [421]: Upgraded ./custom_extruder_1+%233_user.inst.cfg to version 4000017.
2021-12-19 17:35:55,024 - INFO - [MainThread] UM.VersionUpgradeManager._upgradeFile [421]: Upgraded ./custom_extruder_6+%235_user.inst.cfg to version 4000017.
2021-12-19 17:35:55,028 - INFO - [MainThread] UM.VersionUpgradeManager._upgradeFile [421]: Upgraded ./custom_extruder_8+%234_user.inst.cfg to version 4000017.
2021-12-19 17:35:55,031 - INFO - [MainThread] UM.VersionUpgradeManager._upgradeFile [421]: Upgraded ./custom_extruder_3+%235_user.inst.cfg to version 4000017.
2021-12-19 17:35:55,035 - INFO - [MainThread] UM.VersionUpgradeManager._upgradeFile [421]: Upgraded ./custom_extruder_3+%233_user.inst.cfg to version 4000017.
2021-12-19 17:35:55,039 - INFO - [MainThread] UM.VersionUpgradeManager._upgradeFile [421]: Upgraded ./custom_extruder_1+%235_user.inst.cfg to version 4000017.
2021-12-19 17:35:55,043 - INFO - [MainThread] UM.VersionUpgradeManager._upgradeFile [421]: Upgraded ./custom_extruder_7+%235_user.inst.cfg to version 4000017.
2021-12-19 17:35:55,046 - INFO - [MainThread] UM.VersionUpgradeManager._upgradeFile [421]: Upgraded ./custom_extruder_8+%235_user.inst.cfg to version 4000017.
2021-12-19 17:35:55,050 - INFO - [MainThread] UM.VersionUpgradeManager._upgradeFile [421]: Upgraded ./custom_extruder_8+%232_user.inst.cfg to version 4000017.
2021-12-19 17:35:55,053 - INFO - [MainThread] UM.VersionUpgradeManager._upgradeFile [421]: Upgraded ./custom_extruder_6+%234_user.inst.cfg to version 4000017.
2021-12-19 17:35:55,057 - INFO - [MainThread] UM.VersionUpgradeManager._upgradeFile [421]: Upgraded ./custom_extruder_8+%233_user.inst.cfg to version 4000017.
2021-12-19 17:35:55,060 - INFO - [MainThread] UM.VersionUpgradeManager._upgradeFile [421]: Upgraded ./custom_extruder_7+%232_user.inst.cfg to version 4000017.
2021-12-19 17:35:55,064 - INFO - [MainThread] UM.VersionUpgradeManager._upgradeFile [421]: Upgraded ./creality_base_extruder_0+%232_user.inst.cfg to version 4000017.
2021-12-19 17:35:55,067 - INFO - [MainThread] UM.VersionUpgradeManager._upgradeFile [421]: Upgraded ./HevORT+lite_user.inst.cfg to version 4000017.
2021-12-19 17:35:55,071 - INFO - [MainThread] UM.VersionUpgradeManager._upgradeFile [421]: Upgraded ./custom_extruder_2+%234_user.inst.cfg to version 4000017.
2021-12-19 17:35:55,075 - INFO - [MainThread] UM.VersionUpgradeManager._upgradeFile [421]: Upgraded ./custom_extruder_3+%234_user.inst.cfg to version 4000017.
2021-12-19 17:35:55,079 - INFO - [MainThread] UM.VersionUpgradeManager._upgradeFile [421]: Upgraded ./custom_extruder_5+%235_user.inst.cfg to version 4000017.
2021-12-19 17:35:55,082 - INFO - [MainThread] UM.VersionUpgradeManager._upgradeFile [421]: Upgraded ./custom_extruder_6+%232_user.inst.cfg to version 4000017.
2021-12-19 17:35:55,086 - INFO - [MainThread] UM.VersionUpgradeManager._upgradeFile [421]: Upgraded ./custom_extruder_4+%233_user.inst.cfg to version 4000017.
2021-12-19 17:35:55,089 - INFO - [MainThread] UM.VersionUpgradeManager._upgradeFile [421]: Upgraded ./SnakeOil_180_user.inst.cfg to version 4000017.
2021-12-19 17:35:55,093 - INFO - [MainThread] UM.VersionUpgradeManager._upgradeFile [421]: Upgraded ./Creality+Ender-3_user.inst.cfg to version 4000017.
2021-12-19 17:35:55,096 - INFO - [MainThread] UM.VersionUpgradeManager._upgradeFile [421]: Upgraded ./custom_extruder_3+%232_user.inst.cfg to version 4000017.
2021-12-19 17:35:55,098 - INFO - [MainThread] UM.VersionUpgradeManager.upgrade [175]: Checking and performing updates took 0.6923675537109375
2021-12-19 17:35:55,103 - INFO - [MainThread] UM.Logger.info [128]: Completed loading preferences.
2021-12-19 17:35:55,130 - INFO - [MainThread] UM.Logger.info [128]: Created system tray icon.
2021-12-19 17:35:57,250 - DEBUG - [MainThread] UM.Settings.ContainerRegistry.loadAllMetadata [361]: Loading metadata into container registry took 2.114612340927124 seconds
2021-12-19 17:35:57,261 - DEBUG - [MainThread] cura.Scene.CuraSceneController.setActiveBuildPlate [142]: Select build plate: 0
2021-12-19 17:35:57,263 - INFO - [MainThread] cura.CuraApplication.run [797]: Initializing machine error checker
2021-12-19 17:35:57,468 - WARNING - [MainThread] LocalContainerProvider.LocalContainerProvider._saveCachedDefinition [295]: The definition cache for definition custom failed to pickle.
2021-12-19 17:35:57,474 - INFO - [MainThread] cura.UI.MachineActionManager.addDefaultMachineActions [74]: Default machine actions added for machine definition [custom]
2021-12-19 17:35:57,615 - WARNING - [MainThread] LocalContainerProvider.LocalContainerProvider._saveCachedDefinition [295]: The definition cache for definition fdmprinter failed to pickle.
2021-12-19 17:35:57,816 - INFO - [MainThread] cura.Settings.GlobalStack.addExtruder [194]: Extruder[custom_extruder_7 #4] added to [V2-STD] at position [6]
2021-12-19 17:35:57,818 - INFO - [MainThread] cura.Settings.GlobalStack.addExtruder [194]: Extruder[custom_extruder_8 #4] added to [V2-STD] at position [7]
2021-12-19 17:35:57,819 - INFO - [MainThread] cura.Settings.GlobalStack.addExtruder [194]: Extruder[custom_extruder_2 #4] added to [V2-STD] at position [1]
2021-12-19 17:35:57,821 - INFO - [MainThread] cura.Settings.GlobalStack.addExtruder [194]: Extruder[custom_extruder_5 #4] added to [V2-STD] at position [4]
2021-12-19 17:35:57,822 - INFO - [MainThread] cura.Settings.GlobalStack.addExtruder [194]: Extruder[custom_extruder_1 #4] added to [V2-STD] at position [0]
2021-12-19 17:35:57,823 - INFO - [MainThread] cura.Settings.GlobalStack.addExtruder [194]: Extruder[custom_extruder_4 #4] added to [V2-STD] at position [3]
2021-12-19 17:35:57,825 - INFO - [MainThread] cura.Settings.GlobalStack.addExtruder [194]: Extruder[custom_extruder_6 #4] added to [V2-STD] at position [5]
2021-12-19 17:35:57,826 - INFO - [MainThread] cura.Settings.GlobalStack.addExtruder [194]: Extruder[custom_extruder_3 #4] added to [V2-STD] at position [2]
2021-12-19 17:35:57,827 - INFO - [MainThread] FirmwareUpdateChecker.FirmwareUpdateChecker.checkFirmwareVersion [79]: No machine with name Custom FFF printer in list of firmware to check.
2021-12-19 17:35:57,983 - DEBUG - [MainThread] cura.Machines.ContainerTree.__getitem__ [120]: Adding container tree for custom took 0.15171551704406738 seconds.
2021-12-19 17:35:57,991 - DEBUG - [MainThread] PostProcessingPlugin.PostProcessingPlugin.loadScripts [204]: Begin loading of script: ChangeAtZ
2021-12-19 17:35:57,992 - DEBUG - [MainThread] PostProcessingPlugin.PostProcessingPlugin.loadScripts [204]: Begin loading of script: ColorMix
2021-12-19 17:35:57,993 - DEBUG - [MainThread] PostProcessingPlugin.PostProcessingPlugin.loadScripts [204]: Begin loading of script: CreateThumbnail
2021-12-19 17:35:57,994 - DEBUG - [MainThread] PostProcessingPlugin.PostProcessingPlugin.loadScripts [204]: Begin loading of script: DisplayFilenameAndLayerOnLCD
2021-12-19 17:35:57,995 - DEBUG - [MainThread] PostProcessingPlugin.PostProcessingPlugin.loadScripts [204]: Begin loading of script: DisplayProgressOnLCD
2021-12-19 17:35:57,995 - DEBUG - [MainThread] PostProcessingPlugin.PostProcessingPlugin.loadScripts [204]: Begin loading of script: FilamentChange
2021-12-19 17:35:57,996 - DEBUG - [MainThread] PostProcessingPlugin.PostProcessingPlugin.loadScripts [204]: Begin loading of script: InsertAtLayerChange
2021-12-19 17:35:57,999 - DEBUG - [MainThread] PostProcessingPlugin.PostProcessingPlugin.loadScripts [204]: Begin loading of script: PauseAtHeight
2021-12-19 17:35:58,000 - DEBUG - [MainThread] PostProcessingPlugin.PostProcessingPlugin.loadScripts [204]: Begin loading of script: RetractContinue
2021-12-19 17:35:58,001 - DEBUG - [MainThread] PostProcessingPlugin.PostProcessingPlugin.loadScripts [204]: Begin loading of script: SearchAndReplace
2021-12-19 17:35:58,004 - DEBUG - [MainThread] PostProcessingPlugin.PostProcessingPlugin.loadScripts [204]: Begin loading of script: Stretch
2021-12-19 17:35:58,005 - DEBUG - [MainThread] PostProcessingPlugin.PostProcessingPlugin.loadScripts [204]: Begin loading of script: TimeLapse
2021-12-19 17:35:58,005 - DEBUG - [MainThread] PostProcessingPlugin.PostProcessingPlugin.loadScripts [204]: Begin loading of script: UsePreviousProbeMeasurements
2021-12-19 17:35:58,007 - WARNING - [MainThread] PostProcessingPlugin.PostProcessingPlugin.loadAllScripts [155]: Unable to create a folder for scripts: /tmp/.mount_UltimaHATubL/usr/bin/resources/scripts
2021-12-19 17:35:58,008 - DEBUG - [MainThread] PostProcessingPlugin.PostProcessingPlugin.loadScripts [204]: Begin loading of script: KlipperPostProcessing
2021-12-19 17:35:58,042 - INFO - [MainThread] cura.CuraApplication.run [802]: Initializing machine manager
2021-12-19 17:35:58,043 - INFO - [MainThread] cura.CuraApplication.run [807]: Initializing container manager
2021-12-19 17:35:58,053 - WARNING - [MainThread] UM.OutputDevice.OutputDeviceManager.removeOutputDevice [235]: Could not find output device with id digital_factory to remove
2021-12-19 17:35:58,095 - DEBUG - [MainThread] UM.Scene.Camera._preferencesChanged [255]: Changing perspective mode to perspective.
2021-12-19 17:35:58,148 - DEBUG - [MainThread] cura.Machines.MachineErrorChecker._rescheduleCheck [155]: New error check scheduled.
2021-12-19 17:35:58,265 - DEBUG - [MainThread] UM.Qt.Bindings.Theme.load [182]: Loading theme file: /tmp/.mount_UltimaHATubL/usr/bin/resources/themes/cura-light/theme.json
2021-12-19 17:35:58,631 - DEBUG - [MainThread] UM.Qt.Bindings.Theme.load [287]: Loaded theme /tmp/.mount_UltimaHATubL/usr/bin/resources/themes/cura-light
2021-12-19 17:35:59,128 - DEBUG - [MainThread] PostProcessingPlugin.PostProcessingPlugin._createView [342]: Creating post processing plugin view.
2021-12-19 17:35:59,243 - DEBUG - [MainThread] PostProcessingPlugin.PostProcessingPlugin._createView [352]: Post processing view created.
2021-12-19 17:35:59,577 - WARNING - [MainThread] UM.Qt.QtApplication.__onQmlWarning [421]: file:///tmp/.mount_UltimaHATubL/usr/bin/resources/qml/PrintSetupSelector/Custom/MenuButton.qml:42:18: QML Label: Cannot anchor to an item that isn't a parent or sibling.
2021-12-19 17:35:59,585 - DEBUG - [MainThread] cura.OAuth2.AuthorizationService._parseJWT [100]: There was no auth data or access token
2021-12-19 17:35:59,625 - WARNING - [MainThread] UM.Qt.QtApplication.__onQmlWarning [421]: file:///tmp/.mount_UltimaHATubL/usr/bin/resources/qml/Settings/SettingView.qml:157:5: QML SettingVisibilityPresetsMenu: Binding loop detected for property "width"
2021-12-19 17:35:59,666 - DEBUG - [MainThread] cura.OAuth2.AuthorizationService._parseJWT [100]: There was no auth data or access token
2021-12-19 17:35:59,668 - DEBUG - [MainThread] cura.OAuth2.AuthorizationService._parseJWT [100]: There was no auth data or access token
2021-12-19 17:35:59,682 - DEBUG - [MainThread] cura.Machines.Models.NozzleModel._update [28]: Updating NozzleModel.
2021-12-19 17:35:59,728 - DEBUG - [MainThread] MaterialSettingsPlugin.MaterialSettingsPlugin._onEngineCreated [64]: Replacing Materials preferencepane with patched version
2021-12-19 17:35:59,731 - DEBUG - [MainThread] UM.Controller.setActiveStage [180]: Setting active stage to PrepareStage
2021-12-19 17:35:59,791 - DEBUG - [MainThread] cura.Machines.Models.NozzleModel._update [28]: Updating NozzleModel.
2021-12-19 17:35:59,853 - DEBUG - [MainThread] UM.Controller.setActiveView [108]: Setting active view to SolidView
2021-12-19 17:35:59,854 - DEBUG - [MainThread] ModelChecker.ModelChecker._createView [117]: Creating model checker view.
2021-12-19 17:35:59,860 - DEBUG - [MainThread] ModelChecker.ModelChecker._createView [126]: Model checker view created.
2021-12-19 17:35:59,860 - DEBUG - [MainThread] SliceInfoPlugin.SliceInfo._createDialog [76]: Creating dialog [MoreInfoWindow.qml]
2021-12-19 17:35:59,885 - DEBUG - [MainThread] Toolbox.src.Toolbox._makeRequestByType [542]: Requesting [updates] metadata from server.
2021-12-19 17:35:59,887 - DEBUG - [MainThread] cura.OAuth2.AuthorizationService.getAccessToken [126]: No auth data to retrieve the access_token from
2021-12-19 17:35:59,888 - DEBUG - [MainThread] UM.Logger.debug [122]: User is not logged in for Cloud API request to https://api.ultimaker.com/cura-packages/v1/cura/v7.6.0/packages/package-updates?installed_packages=GenericCPE:1.4.0&installed_packages=STLReader:1.0.1&installed_packages=3MFReader:1.0.1&installed_packages=UltimakerPLA:1.4.0&installed_packages=SentryLogger:1.0.0&installed_packages=ImageReader:1.0.1&installed_packages=SolidView:1.0.1&installed_packages=VersionUpgrade43to44:1.0.0&installed_packages=MirrorTool:1.0.1&installed_packages=FABtotumABS:1.4.0&installed_packages=AMFReader:1.0.0&installed_packages=FirmwareUpdateChecker:1.0.1&installed_packages=DigitalLibrary:1.0.0&installed_packages=ModelChecker:1.0.1&installed_packages=VersionUpgrade41to42:1.0.0&installed_packages=SliceInfoPlugin:1.0.1&installed_packages=GenericHIPS:1.4.0&installed_packages=LocalFileOutputDevice:1.0.1&installed_packages=GenericCFFPA:1.4.0&installed_packages=GCodeWriter:1.0.1&installed_packages=SupportEraser:1.0.1&installed_packages=SimpleView:1.0.1&installed_packages=CuraProfileReader:1.0.1&installed_packages=OBJWriter:1.0.1&installed_packages=UltimakerPP:1.4.0&installed_packages=FABtotumNylon:1.4.0&installed_packages=PolyFlexPLA:1.0.1&installed_packages=VersionUpgrade44to45:1.0.0&installed_packages=MaterialSettingsPlugin:3.5.3&installed_packages=MonitorStage:1.0.1&installed_packages=PerObjectSettingsTool:1.0.1&installed_packages=VersionUpgrade462to47:1.0.0&installed_packages=VersionUpgrade40to41:1.0.1&installed_packages=GCodeGzReader:1.0.1&installed_packages=GenericPP:1.4.0&installed_packages=PreviewStage:1.0.1&installed_packages=VersionUpgrade34to35:1.0.1&installed_packages=FABtotumTPU:1.4.0&installed_packages=GenericToughPLA:1.4.0&installed_packages=VertexDeltaTPU:1.4.0&installed_packages=OBJReader:1.0.1&installed_packages=VersionUpgrade25to26:1.0.1&installed_packages=PrepareStage:1.0.1&installed_packages=OctofiberPLA:1.0.1&installed_packages=GCodeReader:1.0.1&installed_packages=VersionUpgrade21to22:1.0.1&installed_packages=GenericPVA:1.4.0&installed_packages=UltimakerTPU:1.4.0&installed_packages=UltimakerCPE:1.4.0&installed_packages=RotateTool:1.0.1&installed_packages=LegacyProfileReader:1.0.1&installed_packages=UFPReader:1.0.0&installed_packages=VersionUpgrade35to40:1.0.0&installed_packages=VersionUpgrade47to48:1.0.0&installed_packages=IMADE3DJellyBOXPLA:1.0.1&installed_packages=UpdateChecker:1.0.1&installed_packages=3MFWriter:1.0.1&installed_packages=GenericNylon:1.4.0&installed_packages=GenericPC:1.4.0&installed_packages=VersionUpgrade33to34:1.0.1&installed_packages=USBPrinting:1.0.2&installed_packages=PostProcessingPlugin:2.2.1&installed_packages=SimulationView:1.0.1&installed_packages=XRayView:1.0.1&installed_packages=ConsoleLogger:1.0.1&installed_packages=GCodeProfileReader:1.0.1&installed_packages=GenericBAM:1.4.0&installed_packages=UltimakerBAM:1.4.0&installed_packages=GenericGFFPA:1.4.0&installed_packages=SelectionTool:1.0.1&installed_packages=CuraProfileWriter:1.0.1&installed_packages=VersionUpgrade26to27:1.0.1&installed_packages=TrimeshReader:1.0.0&installed_packages=UltimakerPVA:1.4.0&installed_packages=VersionUpgrade48to49:1.0.0&installed_packages=VertexDeltaPET:1.4.0&installed_packages=UltimakerNylon:1.4.0&installed_packages=DagomaChromatikPLA:1.0.1&installed_packages=GenericPLA:1.4.0&installed_packages=UltimakerMachineActions:1.0.1&installed_packages=VersionUpgrade42to43:1.0.0&installed_packages=GCodeGzWriter:1.0.1&installed_packages=FABtotumPLA:1.4.0&installed_packages=PolyMaxPLA:1.0.1&installed_packages=FiberlogyHDPLA:1.0.1&installed_packages=VersionUpgrade22to24:1.0.1&installed_packages=LinearAdvanceSettingPlugin:3.5.11&installed_packages=GenericABS:1.4.0&installed_packages=GenericGFFCPE:1.4.0&installed_packages=Toolbox:1.0.1&installed_packages=ScaleTool:1.0.1&installed_packages=GenericTPU:1.4.0&installed_packages=STLWriter:1.0.1&installed_packages=VersionUpgrade32to33:1.0.1&installed_packages=CuraDrive:1.2.0&installed_packages=IMADE3DJellyBOXPETG:1.0.1&installed_packages=UltimakerTPLA:1.4.0&installed_packages=UltimakerCPEP:1.4.0&installed_packages=TranslateTool:1.0.1&installed_packages=X3DReader:1.0.1&installed_packages=GenericCPEPlus:1.4.0&installed_packages=FirmwareUpdater:1.0.1&installed_packages=VertexDeltaPLA:1.4.0&installed_packages=UltimakerABS:1.4.0&installed_packages=VersionUpgrade30to31:1.0.1&installed_packages=VersionUpgrade45to46:1.0.0&installed_packages=RemovableDriveOutputDevice:1.0.1&installed_packages=CameraTool:1.0.1&installed_packages=CuraEngineBackend:1.0.1&installed_packages=UltimakerPC:1.4.0&installed_packages=GenericPETG:1.4.0&installed_packages=UM3NetworkPrinting:1.0.1&installed_packages=PolyWoodPLA:1.0.1&installed_packages=FileLogger:1.0.1&installed_packages=XmlMaterialProfile:1.0.1&installed_packages=VersionUpgrade460to462:1.0.0&installed_packages=GenericCFFCPE:1.4.0&installed_packages=VertexDeltaABS:1.4.0&installed_packages=Filo3DPLA:1.0.1&installed_packages=MachineSettingsAction:1.0.1&installed_packages=PolyPlusPLA:1.0.1&installed_packages=LocalContainerProvider:1.0.1&installed_packages=VersionUpgrade49to410:1.0.0&installed_packages=VersionUpgrade27to30:1.0.1&installed_packages=UFPWriter:1.0.1
2021-12-19 17:36:00,151 - WARNING - [MainThread] LocalContainerProvider.LocalContainerProvider._saveCachedDefinition [295]: The definition cache for definition creality_ender3 failed to pickle.
2021-12-19 17:36:00,234 - DEBUG - [MainThread] cura.CuraApplication.run [851]: Booting Cura took 7.120051145553589 seconds
2021-12-19 17:36:00,237 - DEBUG - [JobQueueWorker [1]] cura.Machines.ContainerTree.run [174]: Started background loading of MachineNodes
2021-12-19 17:36:00,249 - INFO - [MainThread] FirmwareUpdateChecker.FirmwareUpdateChecker.checkFirmwareVersion [79]: No machine with name Creality Ender-3 in list of firmware to check.
2021-12-19 17:36:00,259 - DEBUG - [MainThread] cura.Machines.Models.CustomQualityProfilesDropDownMenuModel._update [33]: Updating CustomQualityProfilesDropDownMenuModel.
2021-12-19 17:36:00,271 - DEBUG - [MainThread] cura.Machines.Models.QualityProfilesDropDownMenuModel._update [62]: Updating QualityProfilesDropDownMenuModel.
2021-12-19 17:36:00,559 - DEBUG - [MainThread] UM.Qt.QtRenderer._initialize [210]: Support for Vertex Array Objects: True
2021-12-19 17:36:00,569 - DEBUG - [MainThread] UM.View.GL.OpenGL.__init__ [112]: Initialized OpenGL subsystems.
2021-12-19 17:36:00,570 - DEBUG - [MainThread] UM.View.GL.OpenGL.__init__ [113]: OpenGL Version:  4.6 (Core Profile) Mesa 20.3.4
2021-12-19 17:36:00,571 - DEBUG - [MainThread] UM.View.GL.OpenGL.__init__ [114]: OpenGL Vendor:   AMD
2021-12-19 17:36:00,573 - DEBUG - [MainThread] UM.View.GL.OpenGL.__init__ [115]: OpenGL Renderer: Radeon RX 580 Series (POLARIS10, DRM 3.38.0, 5.8.0-3-amd64, LLVM 11.0.1)
2021-12-19 17:36:00,574 - DEBUG - [MainThread] UM.View.GL.OpenGL.__init__ [116]: GLSL Version:    4.60.0
2021-12-19 17:36:00,576 - DEBUG - [MainThread] UM.View.GL.ShaderProgram.load [59]: Loading shader file [/tmp/.mount_UltimaHATubL/usr/bin/resources/shaders/default.shader]...
2021-12-19 17:36:00,582 - DEBUG - [MainThread] UM.View.GL.ShaderProgram.load [59]: Loading shader file [/tmp/.mount_UltimaHATubL/usr/bin/resources/shaders/selection.shader]...
2021-12-19 17:36:00,585 - DEBUG - [MainThread] UM.View.GL.ShaderProgram.load [59]: Loading shader file [/tmp/.mount_UltimaHATubL/usr/bin/resources/shaders/select_face.shader]...
2021-12-19 17:36:00,588 - DEBUG - [MainThread] UM.View.GL.ShaderProgram.load [59]: Loading shader file [/tmp/.mount_UltimaHATubL/usr/bin/resources/shaders/default.shader]...
2021-12-19 17:36:00,590 - DEBUG - [MainThread] UM.View.GL.ShaderProgram.load [59]: Loading shader file [/tmp/.mount_UltimaHATubL/usr/bin/resources/shaders/composite.shader]...
2021-12-19 17:36:00,592 - DEBUG - [MainThread] UM.View.GL.ShaderProgram.load [59]: Loading shader file [/tmp/.mount_UltimaHATubL/usr/bin/resources/shaders/overhang.shader]...
2021-12-19 17:36:00,595 - DEBUG - [MainThread] UM.View.GL.ShaderProgram.load [59]: Loading shader file [/tmp/.mount_UltimaHATubL/usr/bin/resources/shaders/striped.shader]...
2021-12-19 17:36:00,597 - DEBUG - [MainThread] UM.View.GL.ShaderProgram.load [59]: Loading shader file [/tmp/.mount_UltimaHATubL/usr/bin/resources/shaders/transparent_object.shader]...
2021-12-19 17:36:00,600 - DEBUG - [MainThread] UM.View.GL.ShaderProgram.load [59]: Loading shader file [/tmp/.mount_UltimaHATubL/usr/bin/resources/shaders/striped.shader]...
2021-12-19 17:36:00,603 - DEBUG - [MainThread] UM.View.GL.ShaderProgram.load [59]: Loading shader file [/tmp/.mount_UltimaHATubL/usr/bin/resources/shaders/xray.shader]...
2021-12-19 17:36:00,605 - DEBUG - [MainThread] UM.View.GL.ShaderProgram.load [59]: Loading shader file [/tmp/.mount_UltimaHATubL/usr/bin/resources/shaders/xray_composite.shader]...
2021-12-19 17:36:00,608 - DEBUG - [MainThread] UM.View.GL.ShaderProgram.load [59]: Loading shader file [/tmp/.mount_UltimaHATubL/usr/bin/resources/shaders/default.shader]...
2021-12-19 17:36:00,609 - DEBUG - [MainThread] UM.View.GL.ShaderProgram.load [59]: Loading shader file [/tmp/.mount_UltimaHATubL/usr/bin/resources/shaders/grid.shader]...
2021-12-19 17:36:00,612 - DEBUG - [MainThread] UM.View.GL.ShaderProgram.load [59]: Loading shader file [/tmp/.mount_UltimaHATubL/usr/bin/resources/shaders/platform.shader]...
2021-12-19 17:36:00,625 - DEBUG - [MainThread] UM.View.GL.ShaderProgram.load [59]: Loading shader file [/tmp/.mount_UltimaHATubL/usr/bin/resources/shaders/xray.shader]...
2021-12-19 17:36:00,826 - DEBUG - [MainThread] cura.Machines.Models.CustomQualityProfilesDropDownMenuModel._update [33]: Updating CustomQualityProfilesDropDownMenuModel.
2021-12-19 17:36:00,829 - DEBUG - [MainThread] cura.Machines.Models.QualityProfilesDropDownMenuModel._update [62]: Updating QualityProfilesDropDownMenuModel.
2021-12-19 17:36:00,870 - INFO - [MainThread] cura.Machines.MachineErrorChecker._setResult [214]: Error check finished, result = False, time = 2.7s
2021-12-19 17:36:02,887 - DEBUG - [JobQueueWorker [1]] cura.Machines.ContainerTree.__getitem__ [120]: Adding container tree for creality_ender3 took 0.6399803161621094 seconds.
2021-12-19 17:36:02,888 - DEBUG - [JobQueueWorker [1]] cura.Machines.ContainerTree.run [185]: All MachineNode loading completed
2021-12-19 17:36:11,089 - DEBUG - [MainThread] cura.AutoSave._onTimeout [64]: Autosaving preferences, instances and profiles took 0.009018659591674805 seconds
2021-12-19 17:36:14,115 - DEBUG - [MainThread] cura.TaskManagement.OnExitCallbackManager.triggerNextCallback [51]: No more on-app-exit callbacks to process. Tell the app to exit.
2021-12-19 17:36:14,116 - INFO - [MainThread] cura.CuraApplication.closeApplication [609]: Close application
2021-12-19 17:36:14,118 - INFO - [MainThread] UM.Logger.info [128]: Initializing Active Machine...
2021-12-19 17:36:14,124 - DEBUG - [MainThread] cura.Machines.Models.NozzleModel._update [28]: Updating NozzleModel.
2021-12-19 17:36:14,125 - DEBUG - [MainThread] cura.Machines.Models.NozzleModel._update [28]: Updating NozzleModel.
2021-12-19 17:36:14,129 - DEBUG - [MainThread] cura.Machines.Models.NozzleModel._update [28]: Updating NozzleModel.
2021-12-19 17:36:14,131 - DEBUG - [MainThread] cura.Machines.Models.NozzleModel._update [28]: Updating NozzleModel.
2021-12-19 17:36:14,205 - DEBUG - [MainThread] UM.Qt.QtApplication.windowClosed [485]: Shutting down cura
2021-12-19 17:36:14,213 - DEBUG - [MainThread] CuraEngineBackend.CuraEngineBackend._terminate [341]: Attempting to kill the engine process
2021-12-19 17:36:14,213 - DEBUG - [MainThread] CuraEngineBackend.CuraEngineBackend._terminate [347]: Killing engine process
2021-12-19 17:36:14,214 - DEBUG - [MainThread] CuraEngineBackend.CuraEngineBackend._terminate [350]: Engine process is killed. Received return code -15
2021-12-19 17:36:14,221 - WARNING - [MainThread] UM.Qt.QtApplication.__onQmlWarning [421]: file:///tmp/.mount_UltimaHATubL/usr/bin/qml/UM/Preferences/PreferencesDialog.qml:113: TypeError: Cannot read property 'resetEnabled' of null
