[MainThread] UM.Application.initialize [144]: Initializing Ultimaker Cura
[MainThread] UM.Application.initialize [145]: App Version 4.7.1
[MainThread] UM.Application.initialize [146]: Api Version 7.3.0
[MainThread] UM.Application.initialize [147]: Build type None
[MainThread] UM.Resources.__initializeStoragePaths [446]: Initializing storage paths
[MainThread] UM.Resources.__initializeStoragePaths [456]: Config storage path is /home/chip/.config/cura/4.7
[MainThread] UM.Resources.__initializeStoragePaths [464]: Data storage path is /home/chip/.local/share/cura/4.7
[MainThread] UM.Resources.__initializeStoragePaths [476]: Cache storage path is /home/chip/.cache/cura/4.7
[MainThread] UM.PackageManager.__init__ [54]: Found bundled packages JSON file: /tmp/.mount_UltimaC4KcMc/usr/bin/resources/bundled_packages/cura.json
[MainThread] UM.PackageManager.__init__ [54]: Found bundled packages JSON file: /tmp/.mount_UltimaC4KcMc/usr/bin/resources/bundled_packages/uranium.json
[MainThread] UM.View.GL.OpenGLContext.detectBestOpenGLVersion [118]: Trying OpenGL context 4.1...
[MainThread] UM.View.GL.OpenGLContext.detectBestOpenGLVersion [128]: Yay, we got at least OpenGL 4.1 core: 4.6 Core profile
[MainThread] UM.Qt.QtApplication.initialize [173]: Detected most suitable OpenGL context version: 4.1 Core profile
[MainThread] UM.Qt.QtApplication.initialize [180]: Initializing job queue ...
[MainThread] UM.Qt.QtApplication.initialize [184]: Initializing version upgrade manager ...
[MainThread] UM.PackageManager._loadManagementData [165]: Loaded bundled packages data from /tmp/.mount_UltimaC4KcMc/usr/bin/resources/bundled_packages/cura.json
[MainThread] UM.PackageManager._loadManagementData [165]: Loaded bundled packages data from /tmp/.mount_UltimaC4KcMc/usr/bin/resources/bundled_packages/uranium.json
[MainThread] UM.PackageManager._loadManagementData [186]: Loaded user packages management file from /home/chip/.local/share/cura/4.7/packages.json
[MainThread] UM.PackageManager._saveManagementData [256]: Package management file /home/chip/.local/share/cura/4.7/packages.json was saved
[MainThread] UM.PluginRegistry.initializeBeforePluginsAreLoaded [110]: Loading plugin configuration file '/home/chip/.config/cura/4.7/plugins.json'
[MainThread] UM.Logger.info [122]: Loaded plugin 3MFReader
[MainThread] UM.Logger.info [122]: Loaded plugin 3MFWriter
[MainThread] UM.Logger.info [122]: Loaded plugin AMFReader
